0 info it worked if it ends with ok
1 verbose cli [ '/usr/local/bin/node',
1 verbose cli   '/usr/local/bin/npm',
1 verbose cli   'install',
1 verbose cli   'memwatch' ]
2 info using npm@2.15.8
3 info using node@v4.4.7
4 verbose install initial load of /Users/jiyanliang/lehu/html5/appv2-react/package.json
5 warn package.json react-courses@0.0.0 No repository field.
6 verbose installManyTop reading scoped package data from /Users/jiyanliang/lehu/html5/appv2-react/node_modules/assert/package.json
7 verbose installManyTop reading scoped package data from /Users/jiyanliang/lehu/html5/appv2-react/node_modules/axios/package.json
8 verbose installManyTop reading scoped package data from /Users/jiyanliang/lehu/html5/appv2-react/node_modules/bundle-loader/package.json
9 verbose installManyTop reading scoped package data from /Users/jiyanliang/lehu/html5/appv2-react/node_modules/cookies/package.json
10 verbose installManyTop reading scoped package data from /Users/jiyanliang/lehu/html5/appv2-react/node_modules/expose-loader/package.json
11 verbose installManyTop reading scoped package data from /Users/jiyanliang/lehu/html5/appv2-react/node_modules/express/package.json
12 verbose installManyTop reading scoped package data from /Users/jiyanliang/lehu/html5/appv2-react/node_modules/jsx-loader/package.json
13 verbose installManyTop reading scoped package data from /Users/jiyanliang/lehu/html5/appv2-react/node_modules/karma/package.json
14 verbose installManyTop reading scoped package data from /Users/jiyanliang/lehu/html5/appv2-react/node_modules/karma-chrome-launcher/package.json
15 verbose installManyTop reading scoped package data from /Users/jiyanliang/lehu/html5/appv2-react/node_modules/karma-cli/package.json
16 verbose installManyTop reading scoped package data from /Users/jiyanliang/lehu/html5/appv2-react/node_modules/karma-firefox-launcher/package.json
17 verbose installManyTop reading scoped package data from /Users/jiyanliang/lehu/html5/appv2-react/node_modules/karma-mocha/package.json
18 verbose installManyTop reading scoped package data from /Users/jiyanliang/lehu/html5/appv2-react/node_modules/karma-webpack/package.json
19 verbose installManyTop reading scoped package data from /Users/jiyanliang/lehu/html5/appv2-react/node_modules/lazy-load-img/package.json
20 verbose installManyTop reading scoped package data from /Users/jiyanliang/lehu/html5/appv2-react/node_modules/mocha/package.json
21 verbose installManyTop reading scoped package data from /Users/jiyanliang/lehu/html5/appv2-react/node_modules/node-jsx/package.json
22 verbose installManyTop reading scoped package data from /Users/jiyanliang/lehu/html5/appv2-react/node_modules/react/package.json
23 verbose installManyTop reading scoped package data from /Users/jiyanliang/lehu/html5/appv2-react/node_modules/react-router/package.json
24 verbose installManyTop reading scoped package data from /Users/jiyanliang/lehu/html5/appv2-react/node_modules/react-tools/package.json
25 verbose installManyTop reading scoped package data from /Users/jiyanliang/lehu/html5/appv2-react/node_modules/uglify-js/package.json
26 verbose installManyTop reading scoped package data from /Users/jiyanliang/lehu/html5/appv2-react/node_modules/underscore/package.json
27 verbose installManyTop reading scoped package data from /Users/jiyanliang/lehu/html5/appv2-react/node_modules/uuid/package.json
28 verbose installManyTop reading scoped package data from /Users/jiyanliang/lehu/html5/appv2-react/node_modules/webpack/package.json
29 verbose installManyTop reading scoped package data from /Users/jiyanliang/lehu/html5/appv2-react/node_modules/webpack-dev-server/package.json
30 verbose installManyTop reading scoped package data from /Users/jiyanliang/lehu/html5/appv2-react/node_modules/when/package.json
31 info package.json assert@1.4.1 assert is also the name of a node core module.
32 info package.json jsx-loader@0.12.2 license should be a valid SPDX license expression
33 info package.json karma-mocha@0.1.10 No README data
34 info package.json node-jsx@0.12.4 license should be a valid SPDX license expression
35 info package.json expose-loader@0.5.3 No license field.
36 info package.json bundle-loader@0.5.2 No license field.
37 info package.json karma-cli@0.0.4 No license field.
38 info package.json mocha@1.21.5 No license field.
39 info package.json react-tools@0.11.2 No license field.
40 info package.json uuid@2.0.1 No license field.
41 info package.json when@3.5.0 No license field.
42 info package.json uglify-js@2.4.15 No license field.
43 verbose readDependencies loading dependencies from /Users/jiyanliang/lehu/html5/appv2-react/package.json
44 silly cache add args [ 'memwatch', null ]
45 verbose cache add spec memwatch
46 silly cache add parsed spec Result {
46 silly cache add   raw: 'memwatch',
46 silly cache add   scope: null,
46 silly cache add   name: 'memwatch',
46 silly cache add   rawSpec: '',
46 silly cache add   spec: 'latest',
46 silly cache add   type: 'tag' }
47 silly addNamed memwatch@latest
48 verbose addNamed "latest" is being treated as a dist-tag for memwatch
49 info addNameTag [ 'memwatch', 'latest' ]
50 silly mapToRegistry name memwatch
51 silly mapToRegistry using default registry
52 silly mapToRegistry registry https://registry.npmjs.org/
53 silly mapToRegistry data Result {
53 silly mapToRegistry   raw: 'memwatch',
53 silly mapToRegistry   scope: null,
53 silly mapToRegistry   name: 'memwatch',
53 silly mapToRegistry   rawSpec: '',
53 silly mapToRegistry   spec: 'latest',
53 silly mapToRegistry   type: 'tag' }
54 silly mapToRegistry uri https://registry.npmjs.org/memwatch
55 verbose addNameTag registry:https://registry.npmjs.org/memwatch not in flight; fetching
56 verbose request uri https://registry.npmjs.org/memwatch
57 verbose request no auth needed
58 info attempt registry request try #1 at 17:38:15
59 verbose request id 217e71312a2f1f1a
60 verbose etag "AYK21H3AB7AWQU4TIROIOWQUJ"
61 http request GET https://registry.npmjs.org/memwatch
62 http 304 https://registry.npmjs.org/memwatch
63 verbose headers { date: 'Tue, 16 Aug 2016 09:38:16 GMT',
63 verbose headers   via: '1.1 varnish',
63 verbose headers   'cache-control': 'max-age=300',
63 verbose headers   etag: '"AYK21H3AB7AWQU4TIROIOWQUJ"',
63 verbose headers   age: '0',
63 verbose headers   connection: 'keep-alive',
63 verbose headers   'x-served-by': 'cache-ams4435-AMS',
63 verbose headers   'x-cache': 'MISS',
63 verbose headers   'x-cache-hits': '0',
63 verbose headers   'x-timer': 'S1471340296.905030,VS0,VE179',
63 verbose headers   vary: 'Accept-Encoding' }
64 silly get cb [ 304,
64 silly get   { date: 'Tue, 16 Aug 2016 09:38:16 GMT',
64 silly get     via: '1.1 varnish',
64 silly get     'cache-control': 'max-age=300',
64 silly get     etag: '"AYK21H3AB7AWQU4TIROIOWQUJ"',
64 silly get     age: '0',
64 silly get     connection: 'keep-alive',
64 silly get     'x-served-by': 'cache-ams4435-AMS',
64 silly get     'x-cache': 'MISS',
64 silly get     'x-cache-hits': '0',
64 silly get     'x-timer': 'S1471340296.905030,VS0,VE179',
64 silly get     vary: 'Accept-Encoding' } ]
65 verbose etag https://registry.npmjs.org/memwatch from cache
66 verbose get saving memwatch to /Users/jiyanliang/.npm/registry.npmjs.org/memwatch/.cache.json
67 verbose correctMkdir /Users/jiyanliang/.npm correctMkdir not in flight; initializing
68 silly addNameTag next cb for memwatch with tag latest
69 silly addNamed memwatch@0.2.2
70 verbose addNamed "0.2.2" is a plain semver version for memwatch
71 silly cache afterAdd memwatch@0.2.2
72 verbose afterAdd /Users/jiyanliang/.npm/memwatch/0.2.2/package/package.json not in flight; writing
73 verbose correctMkdir /Users/jiyanliang/.npm correctMkdir not in flight; initializing
74 verbose afterAdd /Users/jiyanliang/.npm/memwatch/0.2.2/package/package.json written
75 silly install resolved [ { name: 'memwatch',
75 silly install resolved     description: 'Keep an eye on your memory usage, and discover and isolate leaks.',
75 silly install resolved     version: '0.2.2',
75 silly install resolved     author: { name: 'Lloyd Hilaiel', url: 'http://lloyd.io' },
75 silly install resolved     engines: { node: '>= 0.6.0' },
75 silly install resolved     repository:
75 silly install resolved      { type: 'git',
75 silly install resolved        url: 'git+https://github.com/lloyd/node-memwatch.git' },
75 silly install resolved     main: 'include.js',
75 silly install resolved     licenses: [ [Object] ],
75 silly install resolved     bugs: { url: 'https://github.com/lloyd/node-memwatch/issues' },
75 silly install resolved     scripts: { install: 'node-gyp rebuild', test: 'mocha tests' },
75 silly install resolved     devDependencies: { mocha: '1.2.2', should: '0.6.3', 'node-gyp': '0.5.7' },
75 silly install resolved     contributors: [ [Object], [Object], [Object] ],
75 silly install resolved     readme: '`node-memwatch`: Leak Detection and Heap Diffing for Node.JS\n============================================================\n\n[![Build Status](https://secure.travis-ci.org/lloyd/node-memwatch.png)](http://travis-ci.org/lloyd/node-memwatch)\n\n`node-memwatch` is here to help you detect and find memory leaks in\nNode.JS code.  It provides:\n\n- A `leak` event, emitted when it appears your code is leaking memory.\n\n- A `stats` event, emitted occasionally, giving you\n  data describing your heap usage and trends over time.\n\n- A `HeapDiff` class that lets you compare the state of your heap between\n  two points in time, telling you what has been allocated, and what\n  has been released.\n\n\nInstallation\n------------\n\n- `npm install memwatch`\n\nor\n\n- `git clone git://github.com/lloyd/node-memwatch.git`\n\n\nDescription\n-----------\n\nThere are a growing number of tools for debugging and profiling memory\nusage in Node.JS applications, but there is still a need for a\nplatform-independent native module that requires no special\ninstrumentation.  This module attempts to satisfy that need.\n\nTo get started, import `node-memwatch` like so:\n\n```javascript\nvar memwatch = require(\'memwatch\');\n```\n\n### Leak Detection\n\nYou can then subscribe to `leak` events.  A `leak` event will be\nemitted when your heap usage has increased for five consecutive\ngarbage collections:\n\n```javascript\nmemwatch.on(\'leak\', function(info) { ... });\n```\n\nThe `info` object will look something like:\n\n```javascript\n{ start: Fri, 29 Jun 2012 14:12:13 GMT,\n  end: Fri, 29 Jun 2012 14:12:33 GMT,\n  growth: 67984,\n  reason: \'heap growth over 5 consecutive GCs (20s) - 11.67 mb/hr\' }\n```\n\n\n### Heap Usage\n\nThe best way to evaluate your memory footprint is to look at heap\nusage right aver V8 performs garbage collection.  `memwatch` does\nexactly this - it checks heap usage only after GC to give you a stable\nbaseline of your actual memory usage.\n\nWhen V8 performs a garbage collection (technically, we\'re talking\nabout a full GC with heap compaction), `memwatch` will emit a `stats`\nevent.\n\n```javascript\nmemwatch.on(\'stats\', function(stats) { ... });\n```\n\nThe `stats` data will look something like this:\n\n```javascript\n{\n  "num_full_gc": 17,\n  "num_inc_gc": 8,\n  "heap_compactions": 8,\n  "estimated_base": 2592568,\n  "current_base": 2592568,\n  "min": 2499912,\n  "max": 2592568,\n  "usage_trend": 0\n}\n```\n\n`estimated_base` and `usage_trend` are tracked over time.  If usage\ntrend is consistently positive, it indicates that your base heap size\nis continuously growing and you might have a leak.\n\nV8 has its own idea of when it\'s best to perform a GC, and under a\nheavy load, it may defer this action for some time.  To aid in\nspeedier debugging, `memwatch` provides a `gc()` method to force V8 to\ndo a full GC and heap compaction.\n\n\n### Heap Diffing\n\nSo far we have seen how `memwatch` can aid in leak detection.  For\nleak isolation, it provides a `HeapDiff` class that takes two snapshots\nand computes a diff between them.  For example:\n\n```javascript\n// Take first snapshot\nvar hd = new memwatch.HeapDiff();\n\n// do some things ...\n\n// Take the second snapshot and compute the diff\nvar diff = hd.end();\n```\n\nThe contents of `diff` will look something like:\n\n```javascript\n{\n  "before": { "nodes": 11625, "size_bytes": 1869904, "size": "1.78 mb" },\n  "after":  { "nodes": 21435, "size_bytes": 2119136, "size": "2.02 mb" },\n  "change": { "size_bytes": 249232, "size": "243.39 kb", "freed_nodes": 197,\n    "allocated_nodes": 10007,\n    "details": [\n      { "what": "String",\n        "size_bytes": -2120,  "size": "-2.07 kb",  "+": 3,    "-": 62\n      },\n      { "what": "Array",\n        "size_bytes": 66687,  "size": "65.13 kb",  "+": 4,    "-": 78\n      },\n      { "what": "LeakingClass",\n        "size_bytes": 239952, "size": "234.33 kb", "+": 9998, "-": 0\n      }\n    ]\n  }\n```\n\nThe diff shows that during the sample period, the total number of\nallocated `String` and `Array` classes decreased, but `Leaking Class`\ngrew by 9998 allocations.  Hmmm.\n\nYou can use `HeapDiff` in your `on(\'stats\')` callback; even though it\ntakes a memory snapshot, which triggers a V8 GC, it will not trigger\nthe `stats` event itself.  Because that would be silly.\n\n\nFuture Work\n-----------\n\nPlease see the Issues to share suggestions and contribute!\n\n\nLicense\n-------\n\nhttp://wtfpl.org\n',
75 silly install resolved     readmeFilename: 'README.md',
75 silly install resolved     _id: 'memwatch@0.2.2',
75 silly install resolved     dist:
75 silly install resolved      { shasum: '779e8cd982532b6221b6ed1c1269098bee16f92c',
75 silly install resolved        tarball: 'https://registry.npmjs.org/memwatch/-/memwatch-0.2.2.tgz' },
75 silly install resolved     _from: 'memwatch@latest',
75 silly install resolved     _npmVersion: '1.2.14',
75 silly install resolved     _npmUser: { name: 'lloyd', email: 'lloyd@hilaiel.com' },
75 silly install resolved     maintainers: [ [Object] ],
75 silly install resolved     directories: {},
75 silly install resolved     _shasum: '779e8cd982532b6221b6ed1c1269098bee16f92c',
75 silly install resolved     _resolved: 'https://registry.npmjs.org/memwatch/-/memwatch-0.2.2.tgz',
75 silly install resolved     gypfile: true,
75 silly install resolved     homepage: 'https://github.com/lloyd/node-memwatch#readme' } ]
76 info install memwatch@0.2.2 into /Users/jiyanliang/lehu/html5/appv2-react
77 info installOne memwatch@0.2.2
78 verbose installOne of memwatch to /Users/jiyanliang/lehu/html5/appv2-react not in flight; installing
79 verbose correctMkdir /Users/jiyanliang/.npm/_locks correctMkdir not in flight; initializing
80 verbose lock using /Users/jiyanliang/.npm/_locks/memwatch-8afd58d783ce9528.lock for /Users/jiyanliang/lehu/html5/appv2-react/node_modules/memwatch
81 silly install write writing memwatch 0.2.2 to /Users/jiyanliang/lehu/html5/appv2-react/node_modules/memwatch
82 verbose unbuild node_modules/memwatch
83 silly gentlyRm /Users/jiyanliang/lehu/html5/appv2-react/node_modules/memwatch is being purged from base /Users/jiyanliang/lehu/html5/appv2-react
84 verbose gentlyRm don't care about contents; nuking /Users/jiyanliang/lehu/html5/appv2-react/node_modules/memwatch
85 verbose tar unpack /Users/jiyanliang/.npm/memwatch/0.2.2/package.tgz
86 verbose tar unpacking to /Users/jiyanliang/lehu/html5/appv2-react/node_modules/memwatch
87 silly gentlyRm /Users/jiyanliang/lehu/html5/appv2-react/node_modules/memwatch is being purged
88 verbose gentlyRm don't care about contents; nuking /Users/jiyanliang/lehu/html5/appv2-react/node_modules/memwatch
89 silly gunzTarPerm modes [ '755', '644' ]
90 silly gunzTarPerm extractEntry package.json
91 silly gunzTarPerm extractEntry .npmignore
92 silly gunzTarPerm extractEntry README.md
93 silly gunzTarPerm extractEntry tests.js
94 silly gunzTarPerm extractEntry foo.js
95 silly gunzTarPerm extractEntry include.js
96 silly gunzTarPerm extractEntry .travis.yml
97 silly gunzTarPerm extractEntry ChangeLog
98 silly gunzTarPerm extractEntry #wscript#
99 silly gunzTarPerm extractEntry binding.gyp
100 silly gunzTarPerm extractEntry src/heapdiff.cc
101 silly gunzTarPerm extractEntry src/heapdiff.hh
102 silly gunzTarPerm extractEntry src/init.cc
103 silly gunzTarPerm extractEntry src/memwatch.cc
104 silly gunzTarPerm extractEntry src/memwatch.hh
105 silly gunzTarPerm extractEntry src/platformcompat.hh
106 silly gunzTarPerm extractEntry src/util.cc
107 silly gunzTarPerm extractEntry src/util.hh
108 silly gunzTarPerm extractEntry examples/basic_heapdiff.js
109 silly gunzTarPerm extractEntry examples/do_nothing_server.js
110 silly gunzTarPerm extractEntry examples/slightly_leaky.js
111 verbose write writing to /Users/jiyanliang/lehu/html5/appv2-react/node_modules/memwatch/package.json
112 info preinstall memwatch@0.2.2
113 verbose readDependencies loading dependencies from /Users/jiyanliang/lehu/html5/appv2-react/node_modules/memwatch/package.json
114 verbose readDependencies loading dependencies from /Users/jiyanliang/lehu/html5/appv2-react/node_modules/memwatch/package.json
115 silly install resolved []
116 verbose about to build /Users/jiyanliang/lehu/html5/appv2-react/node_modules/memwatch
117 info build /Users/jiyanliang/lehu/html5/appv2-react/node_modules/memwatch
118 info linkStuff memwatch@0.2.2
119 silly linkStuff memwatch@0.2.2 has /Users/jiyanliang/lehu/html5/appv2-react/node_modules as its parent node_modules
120 verbose linkBins memwatch@0.2.2
121 verbose linkMans memwatch@0.2.2
122 verbose rebuildBundles memwatch@0.2.2
123 info install memwatch@0.2.2
124 verbose unsafe-perm in lifecycle false
125 info memwatch@0.2.2 Failed to exec install script
126 verbose unlock done using /Users/jiyanliang/.npm/_locks/memwatch-8afd58d783ce9528.lock for /Users/jiyanliang/lehu/html5/appv2-react/node_modules/memwatch
127 verbose stack Error: memwatch@0.2.2 install: `node-gyp rebuild`
127 verbose stack Exit status 1
127 verbose stack     at EventEmitter.<anonymous> (/usr/local/lib/node_modules/npm/lib/utils/lifecycle.js:217:16)
127 verbose stack     at emitTwo (events.js:87:13)
127 verbose stack     at EventEmitter.emit (events.js:172:7)
127 verbose stack     at ChildProcess.<anonymous> (/usr/local/lib/node_modules/npm/lib/utils/spawn.js:24:14)
127 verbose stack     at emitTwo (events.js:87:13)
127 verbose stack     at ChildProcess.emit (events.js:172:7)
127 verbose stack     at maybeClose (internal/child_process.js:827:16)
127 verbose stack     at Process.ChildProcess._handle.onexit (internal/child_process.js:211:5)
128 verbose pkgid memwatch@0.2.2
129 verbose cwd /Users/jiyanliang/lehu/html5/appv2-react
130 error Darwin 15.4.0
131 error argv "/usr/local/bin/node" "/usr/local/bin/npm" "install" "memwatch"
132 error node v4.4.7
133 error npm  v2.15.8
134 error code ELIFECYCLE
135 error memwatch@0.2.2 install: `node-gyp rebuild`
135 error Exit status 1
136 error Failed at the memwatch@0.2.2 install script 'node-gyp rebuild'.
136 error This is most likely a problem with the memwatch package,
136 error not with npm itself.
136 error Tell the author that this fails on your system:
136 error     node-gyp rebuild
136 error You can get information on how to open an issue for this project with:
136 error     npm bugs memwatch
136 error Or if that isn't available, you can get their info via:
136 error
136 error     npm owner ls memwatch
136 error There is likely additional logging output above.
137 verbose exit [ 1, true ]
138 verbose unbuild node_modules/memwatch
139 info preuninstall memwatch@0.2.2
140 info uninstall memwatch@0.2.2
141 verbose unbuild rmStuff memwatch@0.2.2 from /Users/jiyanliang/lehu/html5/appv2-react/node_modules
142 info postuninstall memwatch@0.2.2
143 silly gentlyRm /Users/jiyanliang/lehu/html5/appv2-react/node_modules/memwatch is being purged from base /Users/jiyanliang/lehu/html5/appv2-react
144 verbose gentlyRm don't care about contents; nuking /Users/jiyanliang/lehu/html5/appv2-react/node_modules/memwatch
145 silly vacuum-fs purging /Users/jiyanliang/lehu/html5/appv2-react/node_modules/memwatch
146 silly vacuum-fs quitting because other entries in /Users/jiyanliang/lehu/html5/appv2-react/node_modules
